C51 COMPILER V9.53.0.0   DRIVER                                                            04/09/2024 13:54:56 PAGE 1   


C51 COMPILER V9.53.0.0, COMPILATION OF MODULE DRIVER
OBJECT MODULE PLACED IN .\Objects\DRIVER.obj
COMPILER INVOKED BY: D:\Keil_v5\C51\BIN\C51.EXE ..\User\source\Hardware\DRIVER.c LARGE OMF2 OPTIMIZE(8,SPEED) BROWSE INC
                    -DIR(..\FU68xx_Hardware_Driver\Include;..\User\include) DEBUG PRINT(.\Listings\DRIVER.lst) TABS(2) OBJECT(.\Objects\DRIVE
                    -R.obj)

line level    source

   1          /* --------------------------- (C) COPYRIGHT 2020 Fortiortech ShenZhen -----------------------------
   2              File Name      : DRIVER.c
   3              Author         : Fortiortech  Appliction Team
   4              Version        : V1.0
   5              Date           : 2020-04-11
   6              Description    : This file contains .C file function used for Motor Control.
   7          ----------------------------------------------------------------------------------------------------  
   8                                                 All Rights Reserved
   9          ------------------------------------------------------------------------------------------------- */
  10          #include "FU68xx_4.h"
  11          #include "MyProject.h"
  12          
  13          
  14          /*****************************************************************************
  15           * Function      : Driver_Init
  16           * Description   : Driver初始化
  17           * Input         : void  
  18           * Output        : None
  19           * Return        : 
  20           * Others        : 
  21           * Record
  22           * 1.Date        : 20190329
  23           *   Author      : Bruce HW&RD
  24           *   Modification: Created function
  25          
  26          *****************************************************************************/
  27          void Driver_Init(void)
  28          {
  29   1          DRV_ARR = PWM_VALUE_LOAD - 1;       // 载波频率的周期值
  30   1          DRV_DTR = PWM_LOAD_DEADTIME - 1;  // 死区时间
  31   1          DRV_DR  = 0;
  32   1      
  33   1          DRV_CMR &= 0x003f;  //UH/VH/WH UL/VL/WL High level active
  34   1          DRV_OUT &= 0x80;    //UH/VH/WH UL/VL/WL Idle level is 0
  35   1      
  36   1          ClrBit(DRV_SR , FGIE);  //FG中断使能      0-->Disable   1-->Enable
  37   1      
  38   1          /*清中断标志位，使能中断，配置比较值，设置中断优先级*/
  39   1          ClrBit(DRV_SR , DCIF);  //清除DRV中断标志位
  40   1          /**************************************************
  41   1          DRV比较匹配中断模式
  42   1          当计数值等于DRV_COMR时，根据DCIM的设置判断是否产生中断标记
  43   1          00：不产生中断        01：上升方向
  44   1          10：下降方向         11：上升/下降方向
  45   1          *************************************************/
  46   1          SetBit(DRV_SR , DCIM1);
  47   1          ClrBit(DRV_SR , DCIM0);
  48   1      
  49   1          /*设置DRV计数器的比较匹配值，当DRV计数值与COMR相等时，根据DRV_SR寄存器的DCI
             -M是否产生比较匹配事件*/
  50   1          DRV_COMR = (PWM_VALUE_LOAD >> 3);
  51   1      
  52   1          PDRV1 = 1;// 中断优先级设置为2，优先级低于FO硬件过流
C51 COMPILER V9.53.0.0   DRIVER                                                            04/09/2024 13:54:56 PAGE 2   

  53   1          PDRV0 = 0;
  54   1      
  55   1          ClrBit(DRV_SR , DCIP);  //0-->1个计数周期产生中断  1-->2个计数周期产生中断
  56   1      
  57   1          ClrBit(DRV_CR , FOCEN);
  58   1          /*MESEL为0，ME模块工作在BLDC模式
  59   1          MESEL为1，ME模块工作在FOC/SVPWM/SPWM模式*/
  60   1          SetBit(DRV_CR , MESEL);
  61   1      
  62   1          SetBit(DRV_CR , DRVEN); //计数器使能   0-->Disable   1-->Enable
  63   1          ClrBit(DRV_CR , DRPE);  //计数器比较值预装载使能 0-->Disable           1-->Enable
  64   1          SetBit(DRV_CR , DRVOE); //Driver输出使能0-->Disable   1-->Enable
  65   1          MOE = 1;
  66   1      }


MODULE INFORMATION:   STATIC OVERLAYABLE
   CODE SIZE        =    108    ----
   CONSTANT SIZE    =   ----    ----
   XDATA SIZE       =   ----    ----
   PDATA SIZE       =   ----    ----
   DATA SIZE        =   ----    ----
   IDATA SIZE       =   ----    ----
   BIT SIZE         =   ----    ----
   EDATA SIZE       =   ----    ----
   HDATA SIZE       =   ----    ----
   XDATA CONST SIZE =   ----    ----
   FAR CONST SIZE   =   ----    ----
END OF MODULE INFORMATION.


C51 COMPILATION COMPLETE.  0 WARNING(S),  0 ERROR(S)
