C51 COMPILER V9.53.0.0   HPFCOL_DATA                                                       04/09/2024 13:54:54 PAGE 1   


C51 COMPILER V9.53.0.0, COMPILATION OF MODULE HPFCOL_DATA
OBJECT MODULE PLACED IN .\Objects\HPFCOL_Data.obj
COMPILER INVOKED BY: D:\Keil_v5\C51\BIN\C51.EXE ..\User\source\Application\HPFCOL_Data.c LARGE OMF2 OPTIMIZE(8,SPEED) BR
                    -OWSE INCDIR(..\FU68xx_Hardware_Driver\Include;..\User\include) DEBUG PRINT(.\Listings\HPFCOL_Data.lst) TABS(2) OBJECT(.\
                    -Objects\HPFCOL_Data.obj)

line level    source

   1          /**
   2            ******************************************************************************
   3            * @file           : HPFCOL_Data.c
   4            * @copyright      : (c) 2022, Fortior Tech
   5            * @brief          : 
   6            * @date           : 2023-03-13
   7            * @version        : 1.0.0
   8            *
   9            ******************************************************************************
  10            * @attention
  11            *
  12            * This software is licensed under terms that can be found in the LICENSE file
  13            * in the root directory of this software component.
  14            * If no LICENSE file comes with this software, it is provided AS-IS.
  15            *
  16            ******************************************************************************
  17            */  
  18          
  19          /* Includes ------------------------------------------------------------------*/
  20          
  21          /* Private includes ----------------------------------------------------------*/
  22          
  23          /* Private typedef -----------------------------------------------------------*/
  24          
  25          /* Private define ------------------------------------------------------------*/
  26          
  27          /* Private macro -------------------------------------------------------------*/
  28          
  29          /* Private variables ---------------------------------------------------------*/
  30          
  31          /* Smart Fan Data */
  32          code unsigned char HPFCOL_Data[64] = {
  33            
  34            'X', 'X', 'X', 'X', 'X', 'X', '-', '0', '0', '1', 
  35            0x00,
  36            'X', 'X', 'X', 'X', 'X', 'X',
  37            0x00, 
  38            'X', 'X', 'X', 'X', 'X', 'X',
  39            0x00, 
  40            '1',
  41            0x00, 
  42            'A', 'V', 'C',
  43            0x00, 
  44            '2', '3', '6', '1', '5', 
  45            0x00,
  46            '1', '0',
  47            0x00,
  48            '0','6','0',
  49            0x00,
  50            '1','2',
  51            0x00,
  52            '2','0',
  53            0x00,
C51 COMPILER V9.53.0.0   HPFCOL_DATA                                                       04/09/2024 13:54:54 PAGE 2   

  54            'P',
  55            0x00,
  56            0x00,0x00,0x00,0x00,0x00,0x00,0x00,0x00,0x00,0x00,
  57            '2',
  58            0x4E
  59          };
  60          
  61          const unsigned char DUMMY_SPACE[64]={0x00};
  62          
  63          /* Private function prototypes -----------------------------------------------*/
  64          
  65          /* Private user code ---------------------------------------------------------*/


MODULE INFORMATION:   STATIC OVERLAYABLE
   CODE SIZE        =   ----    ----
   CONSTANT SIZE    =     64    ----
   XDATA SIZE       =     64    ----
   PDATA SIZE       =   ----    ----
   DATA SIZE        =   ----    ----
   IDATA SIZE       =   ----    ----
   BIT SIZE         =   ----    ----
   EDATA SIZE       =   ----    ----
   HDATA SIZE       =   ----    ----
   XDATA CONST SIZE =   ----    ----
   FAR CONST SIZE   =   ----    ----
END OF MODULE INFORMATION.


C51 COMPILATION COMPLETE.  0 WARNING(S),  0 ERROR(S)
